<?xml version="1.0" encoding="UTF-8"?>
<!-- Generated by org.testng.reporters.JUnitXMLReporter -->
<testsuite hostname="GBWK-INA0370LH1" ignored="0" tests="4" failures="1" timestamp="05 Jun 2018 05:28:25 GMT" time="0.122" errors="0">
  <testcase name="test" time="0.025" classname="TestNGTest">
    <failure type="java.lang.AssertionError" message="expected [abc] but found [Abc]">
      <![CDATA[java.lang.AssertionError: expected [abc] but found [Abc]
	at TestNGTest.test(TestNGTest.java:13)
... Removed 31 stack frames]]>
    </failure>
  </testcase> <!-- test -->
  <testcase name="f1" time="0.002" classname="NewTest"/>
  <testcase name="f2" time="0.002" classname="NewTest"/>
  <testcase name="f3" time="0.002" classname="NewTest"/>
</testsuite>
